Starting parallel refinement pass with 10 agents...
Refining: Osteosarcoma...
Refining: Ewing sarcoma...
Refining: Still disease...
Refining: Nonaccidental trauma...
Refining: Mechanical enthesopathy...
Refining: Epiphyseolysis of femoral head...
Refining: Tuberculosis...
Refining: Ribbing disease...
Refining: Constitutional delay...
Refining: Ankylosing spondylitis...
Failed Ankylosing spondylitis: list indices must be integers or slices, not str
Refining: Multiple myeloma...
Updated: Constitutional delay
Updated: Ribbing disease
Updated: Nonaccidental trauma
Updated: Still disease
Updated: Epiphyseolysis of femoral head
Updated: Tuberculosis
Updated: Mechanical enthesopathy
Refining: Reticulum cell sarcoma...
Updated: Ewing sarcoma
Refining: Thyroid carcinoma...
Updated: Osteosarcoma
Refining: Fibrosarcoma...
Updated: Multiple myeloma
Refining: Syphilis...
Refining: Brown tumor of HPT...
Refining: Eosinophilic granuloma...
Refining: Osteomyelitis...
Refining: Giant cell tumor...
Refining: Hemangioma...
Updated: Eosinophilic granuloma
Updated: Syphilis
Updated: Fibrosarcoma
Updated: Hemangioma
Updated: Giant cell tumor
Updated: Thyroid carcinoma
Updated: Brown tumor of HPT
Updated: Osteomyelitis
Updated: Reticulum cell sarcoma
Refining: Arthrogryposis...
Refining: Liposarcoma...
Refining: Tendon entrapment...
Refining: Calcinosis circumscripta universalis...
Refining: Salmonella...
Refining: Myxoid leiomyosarcoma...
Refining: Schwannoma...
Refining: Posttraumatic/degenerative cyst...
Refining: Crohn disease...
Refining: Dermatofibrosarcoma protuberans...
Failed Dermatofibrosarcoma protuberans: list indices must be integers or slices, not str
Refining: Tendon instability...
Updated: Salmonella
Refining: Snapping Hip Syndrome...
Updated: Posttraumatic/degenerative cyst
Updated: Arthrogryposis
Updated: Schwannoma
Refining: Hemophilic pseudotumor...
Refining: Beckwith-Wiedemann syndrome...
Refining: Lipoma...
Updated: Tendon entrapment
Updated: Calcinosis circumscripta universalis
Updated: Myxoid leiomyosarcoma
Refining: Peripheral nerve sheath tumor...
Refining: Shigella...
Refining: Ossifying fibromyxoid tumor...
Updated: Liposarcoma
Updated: Crohn disease
Refining: Sickle cell anemia...
Refining: Yersinia...
Updated: Tendon instability
Updated: Hemophilic pseudotumor
Updated: Lipoma
Updated: Snapping Hip Syndrome
Updated: Ossifying fibromyxoid tumor
Updated: Sickle cell anemia
Updated: Peripheral nerve sheath tumor
Updated: Yersinia
Updated: Shigella
Updated: Beckwith-Wiedemann syndrome
Refining: Hemosiderosis...
Refining: Hypertrophic Pulmonary Osteoarthropathy...
Refining: Medullary infarction...
Refining: Ectopic Parathormone Production...
Refining: Growth retardation...
Refining: Tertiary Hyperparathyroidism...
Refining: Soft-tissue Hemangioendothelioma...
Refining: Intertrochanteric Fracture...
Refining: Precocious puberty...
Refining: Hemangioendothelial Sarcoma...
Updated: Soft-tissue Hemangioendothelioma
Updated: Hemosiderosis
Refining: Secondary Hemochromatosis...
Refining: Central giant cell granuloma...
Updated: Precocious puberty
Refining: Idiopathic Hypoparathyroidism...
Updated: Medullary infarction
Refining: Syphilis (focal destruction)...
Updated: Hypertrophic Pulmonary Osteoarthropathy
Updated: Intertrochanteric Fracture
Updated: Tertiary Hyperparathyroidism
Refining: Secondary Hypoparathyroidism...
Refining: Child abuse...
Updated: Growth retardation
Refining: Prostaglandin administration (usually following 4–6 weeks of therapy)...
Refining: Benign Mesenchymoma...
Updated: Ectopic Parathormone Production
Refining: Intramuscular Lipoma...
Updated: Hemangioendothelial Sarcoma
Refining: Lipoma Arborescens...
Updated: Secondary Hemochromatosis
Updated: Syphilis (focal destruction)
Updated: Central giant cell granuloma
Updated: Idiopathic Hypoparathyroidism
Updated: Intramuscular Lipoma
Updated: Benign Mesenchymoma
Updated: Child abuse
Updated: Secondary Hypoparathyroidism
Updated: Lipoma Arborescens
Updated: Prostaglandin administration
Refining: Stafne cyst...
Refining: Pleuropulmonary synovial sarcoma...
Refining: Periapical cyst...
Refining: Nasopharyngeal carcinoma...
Refining: Hemivertebra...
Refining: Demyelinating disease...
Refining: Intramedullary abscess...
Refining: Pituitary adenoma...
Refining: Central stenosis...
Refining: Odontogenic myxoma...
Updated: Stafne cyst
Refining: Butterfly vertebra...
Updated: Nasopharyngeal carcinoma
Refining: Foraminal stenosis...
Updated: Periapical cyst
Updated: Hemivertebra
Refining: Midfacial clefts...
Updated: Pituitary adenoma
Updated: Intramedullary abscess
Refining: Calcifying epithelial odontogenic tumor...
Refining: Malignant nerve sheath tumor...
Refining: Amyloid angiopathy...
Updated: Demyelinating disease
Refining: Cauda Equina Syndrome...
Updated: Pleuropulmonary synovial sarcoma
Updated: Odontogenic myxoma
Refining: Thorotrast injection...
Updated: Central stenosis
Refining: Goldenhar syndrome...
Refining: Hypoplastic vertebra...
Updated: Butterfly vertebra
Updated: Malignant nerve sheath tumor
Updated: Foraminal stenosis
Updated: Amyloid angiopathy
Updated: Calcifying Epithelial Odontogenic Tumor
Updated: Midfacial clefts
Updated: Cauda Equina Syndrome
Updated: Goldenhar syndrome
Updated: Hypoplastic vertebra
Updated: Thorotrast injection
Refining: Lissencephaly...
Refining: Migraine...
Refining: Unilateral megalencephaly...
Refining: Metachromatic leukodystrophy...
Refining: Primary angiitis of CNS...
Refining: Polymicrogyria...
Refining: Primary bilateral thalamic glioma...
Refining: Renal cell carcinoma...
Refining: Bacterial meningitis...
Refining: Parkinson disease...
Updated: Polymicrogyria
Refining: Nelson syndrome...
Updated: Bacterial meningitis
Updated: Unilateral megalencephaly
Updated: Lissencephaly
Refining: Viral meningitis...
Refining: Fungal meningitis...
Refining: Wernicke-Korsakoff syndrome...
Updated: Renal cell carcinoma
Updated: Migraine
Updated: Parkinson disease
Refining: Germinal matrix hemorrhage...
Updated: Primary angiitis of CNS
Updated: Primary bilateral thalamic glioma
Refining: Ependymal cyst...
Refining: Carcinomatous meningitis...
Updated: Metachromatic leukodystrophy
Refining: Porencephalic cyst...
Refining: Carbon monoxide poisoning...
Refining: Hepatitis...
Updated: Nelson syndrome
Updated: Fungal meningitis
Updated: Ependymal cyst
Updated: Porencephalic cyst
Updated: Carbon monoxide poisoning
Updated: Germinal matrix hemorrhage
Updated: Hepatitis
Updated: Carcinomatous meningitis
Updated: Viral meningitis
Updated: Wernicke-Korsakoff syndrome
Refining: Panophthalmitis...
Refining: Myositis...
Refining: Malignant optic glioma...
Refining: Orbital cellulitis...
Refining: Ophthalmic artery aneurysm...
Refining: Scleritis...
Refining: Occult cerebrovascular malformation...
Refining: Graves disease...
Refining: Retroocular cyst...
Refining: Cortical renal cysts...
Failed Ophthalmic artery aneurysm: list indices must be integers or slices, not str
Refining: Asteroid hyalosis...
Updated: Myositis
Refining: Coloboma...
Updated: Orbital cellulitis
Updated: Graves disease
Updated: Occult cerebrovascular malformation
Refining: Wyburn-Mason syndrome...
Updated: Malignant optic glioma
Refining: Renal adenoma...
Updated: Retroocular cyst
Updated: Scleritis
Refining: Renal hemangioma...
Updated: Panophthalmitis
Refining: Buphthalmos...
Updated: Cortical renal cysts
Refining: Dacryoadenitis...
Refining: Adrenal pheochromocytoma...
Refining: Choroidal hemangioma...
Refining: Dacryocystitis...
Updated: Asteroid hyalosis
Updated: Coloboma
Updated: Renal adenoma
Updated: Buphthalmos
Updated: Renal hemangioma
Updated: Wyburn-Mason syndrome
Updated: Dacryoadenitis
Updated: Dacryocystitis
Updated: Adrenal pheochromocytoma
Updated: Choroidal hemangioma
Refining: Cervical adenitis...
Refining: Aspirated foreign body...
Refining: Mastoiditis...
Refining: Acute exogenous lipoid pneumonia...
Refining: CNS tumor...
Refining: Bronchiolitis...
Refining: Mendelson syndrome...
Refining: Near drowning...
Refining: Juvenile idiopathic arthritis...
Refining: Chronic exogenous lipoid pneumonia...
Updated: Mendelson syndrome
Refining: Metastasis to skull base and spine...
Updated: Near drowning
Refining: Chronic bronchitis...
Updated: Aspirated foreign body
Updated: Acute exogenous lipoid pneumonia
Updated: Chronic exogenous lipoid pneumonia
Refining: Air embolism...
Updated: CNS tumor
Refining: Alpha-1-antitrypsin deficiency...
Updated: Bronchiolitis
Updated: Mastoiditis
Refining: Respiratory bronchiolitis ILD...
Refining: Unilateral Pulmonary Edema...
Updated: Cervical adenitis
Updated: Juvenile idiopathic arthritis
Refining: Desquamative interstitial pneumonitis...
Refining: Giant cell angiofibroma...
Refining: Pulmonary Edema with Cardiomegaly...
Refining: Pulmonary Edema without Cardiomegaly...
Updated: Metastasis to skull base and spine
Updated: Chronic bronchitis
Updated: Pulmonary Edema without Cardiomegaly
Updated: Desquamative interstitial pneumonitis
Updated: Respiratory bronchiolitis interstitial lung disease
Updated: Giant cell angiofibroma
Updated: Air embolism
Updated: Unilateral Pulmonary Edema
Updated: Alpha-1-antitrypsin deficiency
Updated: Pulmonary Edema with Cardiomegaly
Refining: Left superior vena cava...
Refining: Esophageal duplication cyst...
Refining: Normal Lung Parenchyma (HRCT)...
Refining: Drug-induced effusion...
Refining: Periarteritis...
Refining: Chest Wall Tumor...
Refining: Bronchial Circulation Variants...
Refining: Azygos continuation of IVC...
Refining: Hemothorax...
Refining: Uremia...
Updated: Hemothorax
Refining: Pericarditis...
Updated: Drug-induced effusion
Refining: Thoracic duct cyst...
Updated: Chest Wall Tumor
Updated: Esophageal duplication cyst
Updated: Uremia
Updated: Left superior vena cava
Refining: Rheumatic fever...
Refining: Transdiaphragmatic jejunal duplication...
Refining: Pulmonary arterial hypoplasia...
Updated: Azygos continuation of IVC
Updated: Periarteritis
Updated: Bronchial Circulation Variants
Refining: Aortic dissection...
Refining: Aortopulmonary window adenopathy...
Refining: Leaking atherosclerotic aneurysm...
Refining: Lateral thoracic meningocele...
Updated: Normal Lung Parenchyma (HRCT)
Refining: Swyer-James syndrome...
Updated: Transdiaphragmatic jejunal duplication
Updated: Aortic dissection
Updated: Pericarditis
Updated: Lateral thoracic meningocele
Updated: Leaking atherosclerotic aneurysm
Updated: Swyer-James syndrome
Updated: Thoracic duct cyst
Updated: Pulmonary arterial hypoplasia
Updated: Rheumatic fever
Updated: Aortopulmonary window adenopathy
Refining: Epitheliosis...
Refining: Epithelial cyst...
Refining: Axillary Lymph Node Metastasis in Breast Cancer (Berg Staging)...
Refining: Zuska disease...
Refining: Metaplastic carcinoma...
Refining: Polythelia...
Refining: Ductal carcinoma in situ...
Refining: Apocrine metaplasia...
Refining: Internal Mammary Lymph Node Metastasis in Breast Cancer...
Refining: Fibroadenoma...
Updated: Epithelial cyst
Refining: Sebaceous carcinoma...
Updated: Epitheliosis
Updated: Apocrine metaplasia
Updated: Fibroadenoma
Updated: Metaplastic carcinoma
Refining: Polymastia...
Refining: Invasive ductal carcinoma...
Updated: Polythelia
Refining: Hypoplasia...
Refining: Amazia...
Updated: Axillary Lymph Node Metastasis in Breast Cancer (Berg Staging)
Updated: Zuska disease
Refining: Invasive papillary carcinoma...
Updated: Ductal carcinoma in situ
Refining: Amastia...
Refining: Tuberous breast...
Updated: Internal Mammary Lymph Node Metastasis in Breast Cancer
Refining: Phyllodes tumor...
Refining: Mastitis...
Failed Hypoplasia: list indices must be integers or slices, not str
Updated: Sebaceous carcinoma
Updated: Polymastia
Updated: Amazia
Updated: Phyllodes tumor
Updated: Mastitis
Updated: Invasive ductal carcinoma
Updated: Invasive papillary carcinoma
Updated: Amastia
Updated: Tuberous breast
Refining: Infection-induced vasculitis...
Refining: Valvular aortic stenosis...
Refining: Mycobacterium tuberculosis vasculitis...
Refining: Functional subaortic stenosis (IHSS)...
Refining: Glycogen storage disease...
Refining: Interruption of aortic arch...
Refining: Vascular metameric syndrome...
Refining: Lutembacher Syndrome...
Refining: Cobb syndrome...
Refining: Hypertrophic cardiomyopathy...
Failed Glycogen storage disease: list indices must be integers or slices, not str
Refining: Cerebral AVM...
Updated: Vascular metameric syndrome
Refining: Pulmonary AVM...
Updated: Interruption of aortic arch
Updated: Mycobacterium tuberculosis vasculitis
Updated: Hypertrophic cardiomyopathy
Updated: Cobb syndrome
Updated: Cerebral AVM
Updated: Infection-induced vasculitis
Refining: Lymphatic dysplasia...
Refining: Beneficial ASD...
Updated: Lutembacher Syndrome
Updated: Functional subaortic stenosis
Refining: Antithrombin III deficiency...
Updated: Valvular aortic stenosis
Refining: Hepatic hemangioendothelioma...
Refining: Behçet Disease...
Refining: Pregnancy...
Refining: Protein S deficiency...
Refining: Protein C deficiency...
Updated: Pulmonary AVM
Updated: Pregnancy
Updated: Lymphatic dysplasia
Updated: Hepatic hemangioendothelioma
Updated: Protein C deficiency
Updated: Protein S deficiency
Updated: Antithrombin III deficiency
Updated: Beneficial ASD
Updated: Behçet Disease
Refining: Metastatic liver involvement...
Refining: Metastases to gallbladder...
Refining: Adrenal rest tumor...
Refining: Polycythemia vera...
Refining: Pancreas divisum...
Refining: Mycobacterial liver infection...
Refining: Glucagonoma...
Refining: Idiopathic thrombocytopenic purpura...
Refining: Necrotic metastasis...
Refining: Leiomyosarcoma of gallbladder...
Failed Polycythemia vera: list indices must be integers or slices, not str
Refining: Santorinicele...
Updated: Idiopathic thrombocytopenic purpura
Updated: Pancreas divisum
Updated: Leiomyosarcoma of gallbladder
Refining: Pancreatic rest...
Updated: Metastatic liver involvement
Updated: Adrenal rest tumor
Refining: Thorotrast...
Updated: Mycobacterial liver infection
Refining: Gastrinoma...
Refining: Parasitic granuloma of gallbladder...
Refining: Groove pancreatitis...
Updated: Necrotic metastasis
Refining: Somatostatinoma...
Updated: Santorinicele
Refining: Focal fatty infiltration...
Refining: Irradiation...
Updated: Glucagonoma
Updated: Metastases to gallbladder
Refining: Intramural epithelial cyst of gallbladder...
Updated: Pancreatic rest
Updated: Irradiation
Updated: Gastrinoma
Updated: Parasitic granuloma of gallbladder
Updated: Focal fatty infiltration
Updated: Somatostatinoma
Updated: Thorotrast
Updated: Groove pancreatitis
Updated: Intramural epithelial cyst of gallbladder
Refining: Gastrointestinal hemorrhage...
Refining: Richter Syndrome...
Refining: Acute hemorrhagic gastritis...
Refining: Pyloroduodenal ulcer...
Refining: Pylephlebitis...
Refining: Serous Cystadenoma of Pancreas...
Refining: Mallory-Weiss syndrome...
Refining: Meckel diverticulum...
Refining: Gastric ulcer...
Refining: Visceral artery aneurysm...
Failed Mallory-Weiss syndrome: list indices must be integers or slices, not str
Refining: Juvenile polyp...
Updated: Gastric ulcer
Refining: Vascular-enteric fistula...
Updated: Acute hemorrhagic gastritis
Refining: Diverticulum...
Updated: Pylephlebitis
Refining: Clotting disorder...
Updated: Visceral artery aneurysm
Updated: Pyloroduodenal ulcer
Refining: Colonic angiodysplasia...
Refining: Colorectal tumors...
Updated: Meckel diverticulum
Refining: Gastric Filling Defect...
Updated: Gastrointestinal Hemorrhage
Updated: Juvenile polyp
Refining: Mesenteric varices...
Refining: Filling Defect of Gastric Remnant...
Updated: Serous Cystadenoma of Pancreas
Refining: Obscure gastrointestinal bleeding...
Updated: Richter Syndrome
Updated: Vascular-enteric fistula
Updated: Diverticulum
Updated: Colorectal tumors
Updated: Colonic angiodysplasia
Updated: Clotting disorder
Updated: Mesenteric varices
Updated: Obscure gastrointestinal bleeding
Updated: Filling Defect of Gastric Remnant
Updated: Gastric Filling Defect
Refining: Uterine cancer...
Refining: Small bowel neoplasm...
Refining: Rectal carcinoma...
Refining: Trichomoniasis...
Refining: Mesenteric lymphadenitis...
Refining: Echinococcus granulosus...
Refining: Uphill Esophageal Varices...
Refining: Reflux Esophagitis...
Refining: Trypanosomiasis...
Refining: Glomus Tumor of Stomach...
Updated: Small bowel neoplasm
Refining: Echinococcus multilocularis...
Updated: Echinococcus granulosus
Updated: Mesenteric lymphadenitis
Refining: Trichuriasis...
Updated: Trypanosomiasis
Updated: Uterine cancer
Updated: Glomus Tumor of Stomach
Refining: Postoperative incisional hernia...
Refining: Umbilical hernia...
Updated: Rectal carcinoma
Refining: Incomplete Rotation...
Updated: Uphill Esophageal Varices
Updated: Trichomoniasis
Refining: Kaposi Sarcoma...
Refining: Interparietal interstitial hernia...
Refining: Reversed Rotation...
Refining: Helminthiasis...
Updated: Reflux Esophagitis
Refining: Superior lumbar triangle hernia...
Updated: Echinococcus multilocularis
Updated: Umbilical hernia
Updated: Helminthiasis
Updated: Interparietal interstitial hernia
Updated: Kaposi Sarcoma
Updated: Superior lumbar triangle hernia
Updated: Postoperative incisional hernia
Updated: Incomplete Rotation
Updated: Reversed Rotation
Updated: Trichuriasis
Refining: Traumatic injury to pancreas, duodenum, renal collecting system...
Refining: Renal fibrosarcoma...
Refining: Generalized arteriosclerosis...
Refining: Acute ureteric obstruction...
Refining: Bilateral renal duplication...
Refining: Urothelial neoplasm...
Refining: Acute arterial hypotension...
Refining: Pelvic inflammatory disease...
Refining: Renal angiosarcoma...
Refining: Atheroembolic disease...
Updated: Renal fibrosarcoma
Refining: Large Utricle...
Updated: Atheroembolic disease
Updated: Generalized arteriosclerosis
Updated: Renal angiosarcoma
Updated: Traumatic injury to pancreas, duodenum, renal collecting system
Refining: Rhabdomyolysis with myoglobinuria...
Refining: Benign nephrosclerosis...
Updated: Pelvic inflammatory disease
Refining: Bilateral narrowing of urinary bladder...
Updated: Urothelial neoplasm
Refining: Coagulopathy and anticoagulant therapy...
Updated: Acute arterial hypotension
Refining: Inverted pear / teardrop-shaped urinary bladder...
Refining: Fibromyoma...
Updated: Bilateral renal duplication
Refining: Ruptured aortic aneurysm...
Refining: Urinary bladder wall masses...
Updated: Acute ureteric obstruction
Refining: Ruptured hemorrhagic cyst...
Updated: Large Utricle
Updated: Fibromyoma
Updated: Benign nephrosclerosis
Updated: Coagulopathy and anticoagulant therapy
Updated: Ruptured aortic aneurysm
Updated: Urinary bladder wall masses
Updated: Rhabdomyolysis with myoglobinuria
Updated: Ruptured hemorrhagic cyst
Updated: Inverted pear / teardrop-shaped urinary bladder
Updated: Bilateral narrowing of urinary bladder
Refining: Bilobed placenta...
Refining: Sex cord tumor with annular tubules...
Refining: Pancytopenia-dysmelia syndrome...
Refining: Placenta membranacea...
Refining: Loculated pelvic abscess...
Refining: Brenner tumor...
Refining: Ovarian sarcoma...
Refining: Blackfan-Diamond anemia with thumb anomaly...
Refining: Circumvallate placenta...
Refining: Massive ovarian edema...
Failed Circumvallate placenta: list indices must be integers or slices, not str
Refining: Cardiomelic syndromes...
Updated: Bilobed placenta
Refining: Ovarian leiomyoma...
Updated: Blackfan-Diamond anemia with thumb anomaly
Refining: Simple ovarian cyst...
Updated: Brenner tumor
Updated: Massive ovarian edema
Refining: Focal femoral deficiency...
Refining: Secondary ovarian tumor...
Updated: Loculated pelvic abscess
Updated: Placenta membranacea
Refining: Functioning ovarian tumor...
Updated: Pancytopenia-dysmelia syndrome
Refining: Complex ovarian cyst...
Updated: Sex cord tumor with annular tubules
Refining: Multiple synostoses...
Refining: Fetal ascites...
Updated: Ovarian sarcoma
Refining: Idiopathic osteolysis...
Updated: Cardiomelic syndromes (Holt-Oram)
Updated: Ovarian leiomyoma
Updated: Simple ovarian cyst
Updated: Focal femoral deficiency
Updated: Idiopathic osteolysis
Updated: Functioning ovarian tumor
Updated: Multiple synostoses
Updated: Fetal ascites
Updated: Secondary ovarian tumor
Updated: Complex ovarian cyst
Refining: Arteriovenous malformation, uterus...
Refining: Arcuate uterus...
Refining: Acute lymphoblastic leukemia...
Refining: Arteritis, Takayasu...
Refining: Arrhythmogenic RV cardiomyopathy...
Refining: Arrhenoblastoma...
Refining: Arnold-Chiari malformation...
Refining: Arthritis, brucellar...
Refining: Skeletal metastases...
Refining: Cerebral infarction...
Updated: Arrhenoblastoma
Updated: Arcuate uterus
Refining: Arteria lusoria...
Refining: Thrombophlebitis...
Updated: Arnold-Chiari malformation
Updated: Cerebral infarction
Updated: Arteriovenous malformation, uterus
Refining: Breus mole...
Refining: Cecal carcinoma...
Updated: Acute lymphoblastic leukemia
Updated: Arthritis, brucellar
Refining: Brevicollis...
Updated: Arteritis, Takayasu
Refining: Postsurgical pseudoaneurysm...
Refining: Nabothian cyst...
Updated: Skeletal metastases
Refining: Brittle bone disease...
Updated: Arrhythmogenic RV cardiomyopathy
Refining: Chronic infection...
Refining: Broad thumb syndrome...
Updated: Arteria lusoria
Updated: Breus mole
Updated: Thrombophlebitis
Updated: Brevicollis
Updated: Chronic infection
Updated: Cecal carcinoma
Updated: Brittle bone disease
Updated: Nabothian cyst
Updated: Broad thumb syndrome
Updated: Postsurgical pseudoaneurysm
Refining: Hemarthrosis...
Refining: interstitial disease...
Refining: Fat necrosis of the abdomen...
Refining: Coronary artery fistulas...
Refining: Elephantiasis neuromatosa...
Refining: Fat herniation lung...
Refining: Disk herniation, lumbar spine...
Refining: Hematometrocolpos...
Refining: Epidermoid inclusion cyst of orbit...
Refining: Epidermoid cyst of head and neck...
Updated: Coronary artery fistulas
Updated: Elephantiasis neuromatosa
Updated: Disk herniation, lumbar spine
Updated: Hemarthrosis
Updated: Interstitial Disease
Refining: lymphadenopathy syndrome...
Updated: Fat herniation lung
Updated: Hematometrocolpos
Updated: Epidermoid cyst of head and neck
Refining: Disk ossification...
Refining: Fat necrosis of the breast...
Refining: Epidermoid inclusion cyst of mediastinum...
Refining: Hematopoiesis, extramedullary...
Refining: Embolic infarction, brain...
Updated: Fat necrosis of the abdomen
Updated: Epidermoid inclusion cyst of orbit
Refining: Coronary artery injury...
Refining: lymphangiectasia...
Refining: Disk protrusion...
Refining: Epidermoid inclusion cyst of spine...
Updated: Lymphadenopathy Syndrome
Updated: Coronary artery injury
Updated: Fat necrosis of the breast
Updated: Disk protrusion
Updated: Embolic infarction, brain
Updated: Lymphangiectasia
Updated: Disk ossification
Updated: Hematopoiesis, extramedullary
Updated: Epidermoid inclusion cyst of mediastinum
Updated: Epidermoid inclusion cyst of spine
Refining: Gouty arthritis, hand...
Refining: Mesonephroid tumor of ovary...
Refining: Legionella pneumonia...
Refining: Periovulatory phase, endometrium...
Refining: Fibromatosis, superficial...
Refining: Leiomyomatosis...
Refining: Legionnaires disease...
Refining: Goyrand fracture...
Refining: Peritoneal disseminated leiomyomatosis...
Refining: Oyster pearl calcifications of breast...
Failed Legionnaires disease: list indices must be integers or slices, not str
Refining: Mesothelioma of chest...
Updated: Leiomyomatosis
Updated: Fibromatosis, superficial
Updated: Goyrand fracture
Refining: Gracile bones...
Updated: Peritoneal disseminated leiomyomatosis
Refining: Mesothelioma of pericardium...
Refining: Gradenigo syndrome...
Updated: Oyster pearl calcifications of breast
Refining: Os acromiale...
Refining: Pachymeningitis...
Updated: Gouty arthritis, hand
Updated: Mesonephroid tumor of ovary
Updated: Legionella pneumonia
Updated: Periovulatory phase endometrium
Refining: Mesothelioma of peritoneum...
Updated: Mesothelioma of chest
Refining: Lens dislocation...
Refining: Graft infection, aortic prosthesis...
Refining: Page kidney...
Updated: Gracile bones
Updated: Gradenigo syndrome
Updated: Mesothelioma of pericardium
Updated: Page kidney
Updated: Mesothelioma of peritoneum
Updated: Os acromiale
Updated: Lens dislocation
Updated: Pachymeningitis
Updated: Graft infection, aortic prosthesis
Refining: Radicular cyst...
Refining: Biliary stone...
Refining: Renal Calcification...
Refining: Pleural calcification...
Refining: Uterosacral ligament...
Refining: Pleural fetus...
Refining: Kidney stone...
Refining: Noncomedo breast cancer...
Refining: Noncompaction Cardiomyopathy...
Refining: Uterine agenesis...
Updated: Noncomedo breast cancer
Refining: nonendemic Burkitt lymphoma...
Updated: Uterosacral ligament
Refining: Xiphopagus...
Updated: Radicular cyst
Updated: Pleural calcification
Updated: Pleural fetus
Updated: Uterine agenesis
Updated: Noncompaction Cardiomyopathy
Updated: Kidney stone
Updated: Biliary stone
Refining: Urinary bladder stone...
Refining: nonexpansile well-demarcated bone defect multilocular...
Refining: Pleural fibroma benign...
Refining: Uterine anomalies...
Updated: Renal Calcification
Refining: Cholesterol stone...
Refining: Renal colic...
Refining: True hermaphroditism...
Refining: nonexpansile well-demarcated bone defect unilocular...
Updated: Nonendemic Burkitt Lymphoma
Updated: Xiphopagus
Updated: Nonexpansile well-demarcated bone defect
Updated: Nonexpansile well-demarcated bone defect, multilocular
Updated: Renal colic
Updated: Uterine anomalies
Updated: Urinary bladder stone
Updated: Pleural fibroma benign
Updated: True hermaphroditism
Updated: Cholesterol stone
Starting parallel refinement pass with 10 agents...
Refining: Multiple myeloma...
Refining: Nonaccidental trauma...
Refining: Ribbing disease...
Refining: Epiphyseolysis of femoral head...
Refining: Still disease...
Refining: Osteosarcoma...
Refining: Tuberculosis...
Refining: Mechanical enthesopathy...
Refining: Ankylosing spondylitis...
Refining: Ewing sarcoma...
Failed Ankylosing spondylitis: list indices must be integers or slices, not str
Refining: Reticulum cell sarcoma...
Updated: Tuberculosis
Refining: Fibrosarcoma...
Updated: Epiphyseolysis of femoral head
Updated: Multiple myeloma
Updated: Reticulum cell sarcoma
Updated: Osteosarcoma
Refining: Thyroid carcinoma...
Refining: Syphilis...
Updated: Still disease
Updated: Ewing sarcoma
Updated: Nonaccidental trauma
Refining: Eosinophilic granuloma...
Refining: Brown tumor of HPT...
Updated: Mechanical enthesopathy
Refining: Hemangioma...
Updated: Ribbing disease
Refining: Giant cell tumor...
Refining: Osteomyelitis...
Refining: Systemic lupus erythematosus...
Updated: Fibrosarcoma
Updated: Giant cell tumor
Updated: Hemangioma
Updated: Eosinophilic granuloma
Updated: Osteomyelitis
Updated: Brown tumor of HPT
Updated: Thyroid carcinoma
Updated: Systemic lupus erythematosus
Updated: Syphilis
Refining: Tendon entrapment...
Refining: Myxoid leiomyosarcoma...
Refining: Crohn disease...
Refining: Schwannoma...
Refining: Posttraumatic/degenerative cyst...
Refining: Arthrogryposis...
Refining: Liposarcoma...
Refining: Calcinosis circumscripta universalis...
Refining: Dermatofibrosarcoma protuberans...
Refining: Salmonella...
Updated: Schwannoma
Refining: Tendon instability...
Updated: Arthrogryposis
Updated: Calcinosis circumscripta universalis
Updated: Salmonella
Updated: Crohn disease
Refining: Snapping Hip Syndrome...
Updated: Posttraumatic/degenerative cyst
Refining: Hemophilic pseudotumor...
Refining: Beckwith-Wiedemann syndrome...
Updated: Liposarcoma
Refining: Lipoma...
Refining: Shigella...
Refining: Peripheral nerve sheath tumor...
Updated: Dermatofibrosarcoma protuberans
Updated: Myxoid leiomyosarcoma
Updated: Tendon entrapment
Refining: Ossifying fibromyxoid tumor...
Refining: Sickle cell anemia...
Refining: Yersinia...
Updated: Tendon instability
Updated: Hemophilic pseudotumor
Updated: Peripheral nerve sheath tumor
Updated: Yersinia
Updated: Snapping Hip Syndrome
Updated: Beckwith-Wiedemann syndrome
Updated: Sickle cell anemia
Updated: Reactive Arthritis
Updated: Lipoma
Updated: Ossifying fibromyxoid tumor
Refining: Soft-tissue Hemangioendothelioma...
Refining: Medullary infarction...
Refining: Ectopic Parathormone Production...
Refining: Hemosiderosis...
Refining: Intertrochanteric Fracture...
Refining: Hemangioendothelial Sarcoma...
Refining: Tertiary Hyperparathyroidism...
Refining: Hypertrophic Pulmonary Osteoarthropathy...
Refining: Precocious puberty...
Refining: Growth retardation...
Updated: Precocious puberty
Refining: Secondary Hemochromatosis...
Updated: Hypertrophic Pulmonary Osteoarthropathy
Updated: Soft-tissue Hemangioendothelioma
Updated: Tertiary Hyperparathyroidism
Updated: Medullary infarction
Refining: Central giant cell granuloma...
Updated: Growth retardation
Refining: Idiopathic Hypoparathyroidism...
Updated: Hemosiderosis
Refining: Child abuse...
Refining: Syphilis (focal destruction)...
Refining: Secondary Hypoparathyroidism...
Refining: Prostaglandin administration...
Updated: Ectopic Parathormone Production
Updated: Hemangioendothelial Sarcoma
Refining: Benign Mesenchymoma...
Refining: Intramuscular Lipoma...
Updated: Intertrochanteric Fracture
Refining: Lipoma Arborescens...
Updated: Secondary Hemochromatosis
Updated: Child abuse
Updated: Central giant cell granuloma
Updated: Intramuscular Lipoma
Updated: Secondary Hypoparathyroidism
Updated: Idiopathic Hypoparathyroidism
Updated: Syphilis (focal destruction)
Updated: Prostaglandin administration
Updated: Lipoma Arborescens
Updated: Benign Mesenchymoma
Refining: Stafne cyst...
Refining: Nasopharyngeal carcinoma...
Refining: Intramedullary abscess...
Refining: Odontogenic myxoma...
Refining: Periapical cyst...
Refining: Pleuropulmonary synovial sarcoma...
Refining: Butterfly vertebra...
Refining: Hemivertebra...
Refining: Pituitary adenoma...
Refining: Central stenosis...
Updated: Periapical cyst
Updated: Intramedullary abscess
Refining: Foraminal stenosis...
Refining: Midfacial clefts...
Updated: Odontogenic myxoma
Refining: Calcifying Epithelial Odontogenic Tumor...
Updated: Nasopharyngeal carcinoma
Refining: Malignant nerve sheath tumor...
Updated: Butterfly vertebra
Refining: Amyloid angiopathy...
Updated: Central stenosis
Updated: Pleuropulmonary synovial sarcoma
Updated: Stafne cyst
Updated: Hemivertebra
Updated: Pituitary adenoma
Refining: Goldenhar syndrome...
Refining: Cauda Equina Syndrome...
Refining: Cemento-osseous dysplasia...
Refining: Encephalocele...
Refining: Hypoplastic vertebra...
Updated: Midfacial clefts
Updated: Foraminal stenosis
Updated: Malignant nerve sheath tumor
Updated: Calcifying Epithelial Odontogenic Tumor
Updated: Amyloid angiopathy
Updated: Encephalocele
Updated: Cauda Equina Syndrome
Updated: Cemento-osseous dysplasia
Updated: Goldenhar syndrome
Updated: Hypoplastic vertebra
Refining: Primary angiitis of CNS...
Refining: Parkinson disease...
Refining: Metachromatic leukodystrophy...
Refining: Lissencephaly...
Refining: Migraine...
Refining: Primary bilateral thalamic glioma...
Refining: Polymicrogyria...
Refining: Renal cell carcinoma...
Refining: Unilateral megalencephaly...
Refining: Bacterial meningitis...
Failed Metachromatic leukodystrophy: list indices must be integers or slices, not str
Refining: Nelson syndrome...
Updated: Unilateral megalencephaly
Refining: Viral meningitis...
Updated: Polymicrogyria
Updated: Primary angiitis of CNS
Updated: Parkinson disease
Updated: Renal cell carcinoma
Updated: Primary bilateral thalamic glioma
Updated: Migraine
Refining: Fungal meningitis...
Refining: Wernicke-Korsakoff syndrome...
Updated: Bacterial meningitis
Refining: Ependymal cyst...
Updated: Lissencephaly
Refining: Germinal matrix hemorrhage...
Updated: Nelson syndrome
Refining: Carcinomatous meningitis...
Refining: Porencephalic cyst...
Refining: Carbon monoxide poisoning...
Refining: Hepatitis...
Updated: Viral meningitis
Updated: Fungal meningitis
Updated: Ependymal cyst
Updated: Wernicke-Korsakoff syndrome
Updated: Porencephalic cyst
Updated: Carcinomatous meningitis
Updated: Germinal matrix hemorrhage
Updated: Carbon monoxide poisoning
Updated: Hepatitis
Refining: Malignant optic glioma...
Refining: Retroocular cyst...
Refining: Panophthalmitis...
Refining: Orbital cellulitis...
Refining: Scleritis...
Refining: Graves disease...
Refining: Myositis...
Refining: Occult cerebrovascular malformation...
Refining: Cortical renal cysts...
Refining: Ophthalmic artery aneurysm...
Failed Ophthalmic artery aneurysm: list indices must be integers or slices, not str
Refining: Asteroid hyalosis...
Updated: Retroocular cyst
Refining: Coloboma...
Updated: Scleritis
Updated: Graves disease
Updated: Myositis
Refining: Renal adenoma...
Updated: Orbital cellulitis
Refining: Buphthalmos...
Refining: Wyburn-Mason syndrome...
Updated: Cortical renal cysts
Refining: Renal hemangioma...
Updated: Occult cerebrovascular malformation
Updated: Panophthalmitis
Updated: Malignant optic glioma
Refining: Adrenal pheochromocytoma...
Refining: Dacryoadenitis...
Refining: Choroidal hemangioma...
Refining: Dacryocystitis...
Updated: Asteroid hyalosis
Updated: Coloboma
Updated: Renal adenoma
Updated: Wyburn-Mason syndrome
Updated: Dacryoadenitis
Updated: Adrenal pheochromocytoma
Updated: Buphthalmos
Updated: Dacryocystitis
Updated: Choroidal hemangioma
Updated: Renal Hemangioma
Refining: CNS tumor...
Refining: Cervical adenitis...
Refining: Chronic exogenous lipoid pneumonia...
Refining: Mendelson syndrome...
Refining: Mastoiditis...
Refining: Aspirated foreign body...
Refining: Juvenile idiopathic arthritis...
Refining: Bronchiolitis...
Refining: Near drowning...
Refining: Acute exogenous lipoid pneumonia...
Updated: Cervical adenitis
Updated: Mendelson syndrome
Refining: Metastasis to skull base and spine...
Updated: Bronchiolitis
Refining: Chronic bronchitis...
Updated: Aspirated foreign body
Updated: Chronic exogenous lipoid pneumonia
Updated: Mastoiditis
Refining: Air embolism...
Updated: Juvenile idiopathic arthritis
Updated: Acute exogenous lipoid pneumonia
Refining: Alpha-1-antitrypsin deficiency...
Updated: Near drowning
Updated: CNS tumor
Refining: Giant cell angiofibroma...
Refining: Desquamative interstitial pneumonitis...
Refining: Pulmonary Edema with Cardiomegaly...
Refining: Pulmonary Edema without Cardiomegaly...
Refining: Respiratory bronchiolitis interstitial lung disease...
Refining: Idiopathic pulmonary fibrosis...
Failed Pulmonary Edema without Cardiomegaly: list indices must be integers or slices, not str
Updated: Chronic bronchitis
Updated: Respiratory bronchiolitis interstitial lung disease
Updated: Metastasis to skull base and spine
Updated: Pulmonary Edema with Cardiomegaly
Updated: Giant cell angiofibroma
Updated: Desquamative interstitial pneumonitis
Updated: Air embolism
Updated: Alpha-1-antitrypsin deficiency
Updated: Idiopathic pulmonary fibrosis
Refining: Drug-induced effusion...
Refining: Periarteritis...
Refining: Left superior vena cava...
Refining: Chest Wall Tumor...
Refining: Pericarditis...
Refining: Azygos continuation of IVC...
Refining: Hemothorax...
Refining: Bronchial Circulation Variants...
Refining: Uremia...
Refining: Esophageal duplication cyst...
Updated: Drug-induced effusion
Refining: Thoracic duct cyst...
Updated: Hemothorax
Refining: Rheumatic fever...
Updated: Azygos continuation of IVC
Updated: Left superior vena cava
Updated: Periarteritis
Updated: Esophageal duplication cyst
Updated: Uremia
Refining: Transdiaphragmatic jejunal duplication...
Refining: Aortopulmonary window adenopathy...
Refining: Pulmonary arterial hypoplasia...
Updated: Chest Wall Tumor
Refining: Aortic dissection...
Refining: Leaking atherosclerotic aneurysm...
Updated: Bronchial Circulation Variants
Updated: Pericarditis
Refining: Lateral thoracic meningocele...
Refining: Traumatic aortic pseudoaneurysm...
Refining: Posttraumatic lymphocele...
Updated: Thoracic duct cyst
Updated: Rheumatic fever
Updated: Pulmonary arterial hypoplasia
Updated: Leaking atherosclerotic aneurysm
Updated: Aortopulmonary window adenopathy
Updated: Traumatic aortic pseudoaneurysm
Updated: Transdiaphragmatic jejunal duplication
Updated: Lateral thoracic meningocele
Updated: Aortic dissection
Updated: Posttraumatic lymphocele
Refining: Internal Mammary Lymph Node Metastasis in Breast Cancer...
Refining: Apocrine metaplasia...
Refining: Polythelia...
Refining: Epitheliosis...
Refining: Epithelial cyst...
Refining: Axillary Lymph Node Metastasis in Breast Cancer (Berg Staging)...
Refining: Metaplastic carcinoma...
Refining: Fibroadenoma...
Refining: Zuska disease...
Refining: Ductal carcinoma in situ...
Failed Ductal carcinoma in situ: list indices must be integers or slices, not str
Refining: Sebaceous carcinoma...
Updated: Apocrine metaplasia
Updated: Fibroadenoma
Refining: Polymastia...
Updated: Zuska disease
Refining: Invasive ductal carcinoma...
Updated: Polythelia
Refining: Hypoplasia...
Refining: Amazia...
Updated: Epitheliosis
Refining: Invasive papillary carcinoma...
Updated: Epithelial cyst
Refining: Amastia...
Updated: Metaplastic carcinoma
Refining: Tuberous breast...
Updated: Axillary Lymph Node Metastasis in Breast Cancer (Berg Staging)
Refining: Phyllodes tumor...
Updated: Internal Mammary Lymph Node Metastasis in Breast Cancer
Refining: Mastitis...
Updated: Sebaceous carcinoma
Updated: Polymastia
Updated: Hypoplasia
Updated: Amazia
Updated: Invasive ductal carcinoma
Updated: Invasive papillary carcinoma
Updated: Amastia
Updated: Tuberous breast
Updated: Mastitis
Updated: Phyllodes tumor
Refining: Vascular metameric syndrome...
Refining: Cobb syndrome...
Refining: Functional subaortic stenosis...
Refining: Hypertrophic cardiomyopathy...
Refining: Mycobacterium tuberculosis vasculitis...
Refining: Infection-induced vasculitis...
Refining: Valvular aortic stenosis...
Refining: Lutembacher Syndrome...
Refining: Glycogen storage disease...
Refining: Interruption of aortic arch...
Updated: Glycogen storage disease
Updated: Lutembacher Syndrome
Refining: Cerebral AVM...
Refining: Pulmonary AVM...
Updated: Interruption of aortic arch
Updated: Infection-induced vasculitis
Updated: Vascular metameric syndrome
Refining: Lymphatic dysplasia...
Refining: Beneficial ASD...
Updated: Cobb syndrome
Refining: Hepatic hemangioendothelioma...
Updated: Mycobacterium tuberculosis vasculitis
Updated: Functional subaortic stenosis
Refining: Antithrombin III deficiency...
Updated: Hypertrophic cardiomyopathy
Refining: Protein C deficiency...
Updated: Valvular aortic stenosis
Refining: Behçet Disease...
Refining: Protein S deficiency...
Refining: Pregnancy...
Failed Cerebral AVM: list indices must be integers or slices, not str
Updated: Pulmonary AVM
Updated: Lymphatic dysplasia
Updated: Hepatic hemangioendothelioma
Updated: Pregnancy
Updated: Protein C deficiency
Updated: Antithrombin III deficiency
Updated: Protein S deficiency
Updated: Beneficial ASD
Updated: Behçet Disease
Refining: Metastatic liver involvement...
Refining: Mycobacterial liver infection...
Refining: Polycythemia vera...
Refining: Necrotic metastasis...
Refining: Pancreas divisum...
Refining: Pancreatic rest...
Refining: Idiopathic thrombocytopenic purpura...
Refining: Santorinicele...
Refining: Glucagonoma...
Refining: Adrenal rest tumor...
Updated: Santorinicele
Refining: Thorotrast...
Updated: Pancreatic rest
Updated: Adrenal rest tumor
Updated: Polycythemia vera
Updated: Mycobacterial liver infection
Updated: Metastatic liver involvement
Refining: Gastrinoma...
Updated: Pancreas divisum
Refining: Parasitic granuloma of gallbladder...
Refining: Groove pancreatitis...
Refining: Focal fatty infiltration...
Refining: Somatostatinoma...
Updated: Glucagonoma
Updated: Idiopathic thrombocytopenic purpura
Updated: Necrotic metastasis
Refining: Irradiation...
Refining: Intramural epithelial cyst of gallbladder...
Refining: Low Gallbladder Ejection Fraction (GBEF)...
Refining: Chemotherapy...
Updated: Thorotrast
Updated: Focal fatty infiltration
Updated: Parasitic granuloma of gallbladder
Updated: Groove pancreatitis
Updated: Irradiation
Updated: Intramural epithelial cyst of gallbladder
Updated: Low Gallbladder Ejection Fraction (GBEF)
Updated: Chemotherapy
Updated: Gastrinoma
Updated: Somatostatinoma
Refining: Gastric ulcer...
Refining: Pylephlebitis...
Refining: Richter Syndrome...
Refining: Meckel diverticulum...
Refining: Serous Cystadenoma of Pancreas...
Refining: Mallory-Weiss syndrome...
Refining: Gastrointestinal Hemorrhage...
Refining: Acute hemorrhagic gastritis...
Refining: Pyloroduodenal ulcer...
Refining: Visceral artery aneurysm...
Updated: Gastric ulcer
Updated: Acute hemorrhagic gastritis
Refining: Juvenile polyp...
Refining: Vascular-enteric fistula...
Updated: Visceral artery aneurysm
Refining: Diverticulum...
Updated: Serous Cystadenoma of Pancreas
Refining: Clotting disorder...
Updated: Mallory-Weiss syndrome
Refining: Colonic angiodysplasia...
Updated: Pylephlebitis
Updated: Meckel diverticulum
Updated: Gastrointestinal Hemorrhage
Updated: Pyloroduodenal ulcer
Refining: Colorectal tumors...
Refining: Gastric Filling Defect...
Refining: Mesenteric varices...
Refining: Filling Defect of Gastric Remnant...
Updated: Richter Syndrome
Refining: Obscure gastrointestinal bleeding...
Updated: Vascular-enteric fistula
Updated: Juvenile polyp
Updated: Diverticulum
Updated: Clotting disorder
Updated: Colonic angiodysplasia
Updated: Colorectal tumors
Updated: Mesenteric varices
Updated: Obscure gastrointestinal bleeding
Updated: Gastric Filling Defect
Updated: Filling Defect of Gastric Remnant
Refining: Rectal carcinoma...
Refining: Mesenteric lymphadenitis...
Refining: Uterine cancer...
Refining: Small bowel neoplasm...
Refining: Trypanosomiasis...
Refining: Glomus Tumor of Stomach...
Refining: Echinococcus granulosus...
Refining: Reflux Esophagitis...
Refining: Uphill Esophageal Varices...
Refining: Trichomoniasis...
Updated: Trypanosomiasis
Refining: Echinococcus multilocularis...
Updated: Small bowel neoplasm
Updated: Mesenteric lymphadenitis
Updated: Trichomoniasis
Updated: Echinococcus granulosus
Updated: Reflux Esophagitis
Updated: Glomus Tumor of Stomach
Updated: Uphill Esophageal Varices
Updated: Rectal carcinoma
Refining: Umbilical hernia...
Refining: Trichuriasis...
Updated: Uterine cancer
Refining: Postoperative incisional hernia...
Refining: Incomplete Rotation...
Refining: Kaposi Sarcoma...
Refining: Reversed Rotation...
Refining: Interparietal interstitial hernia...
Refining: Helminthiasis...
Refining: Superior lumbar triangle hernia...
Updated: Echinococcus multilocularis
Updated: Interparietal interstitial hernia
Updated: Postoperative incisional hernia
Updated: Umbilical hernia
Updated: Reversed Rotation
Updated: Helminthiasis
Updated: Superior lumbar triangle hernia
Updated: Trichuriasis
Updated: Incomplete Rotation
Updated: Kaposi Sarcoma
Refining: Bilateral renal duplication...
Refining: Traumatic injury to pancreas, duodenum, renal collecting system...
Refining: Urothelial neoplasm...
Refining: Renal fibrosarcoma...
Refining: Acute arterial hypotension...
Refining: Pelvic inflammatory disease...
Refining: Renal angiosarcoma...
Refining: Generalized arteriosclerosis...
Refining: Atheroembolic disease...
Refining: Large Utricle...
Updated: Pelvic inflammatory disease
Refining: Benign nephrosclerosis...
Updated: Renal angiosarcoma
Updated: Bilateral renal duplication
Refining: Coagulopathy and anticoagulant therapy...
Updated: Renal fibrosarcoma
Refining: Inverted pear / teardrop-shaped urinary bladder...
Updated: Traumatic injury to pancreas, duodenum, renal collecting system
Updated: Atheroembolic disease
Updated: Urothelial neoplasm
Refining: Fibromyoma...
Refining: Ruptured aortic aneurysm...
Updated: Acute arterial hypotension
Refining: Urinary bladder wall masses...
Updated: Generalized arteriosclerosis
Refining: Ruptured hemorrhagic cyst...
Refining: Cowper Duct Cyst...
Refining: Postoperative aneurysm repair...
Updated: Large Utricle
Refining: Congenital septum...
Updated: Benign nephrosclerosis
Updated: Fibromyoma
Updated: Ruptured hemorrhagic cyst
Updated: Postoperative aneurysm repair
Updated: Ruptured aortic aneurysm
Updated: Coagulopathy and anticoagulant therapy
Updated: Congenital septum
Updated: Inverted pear / teardrop-shaped urinary bladder
Updated: Urinary bladder wall masses
Updated: Cowper Duct Cyst
Refining: Bilobed placenta...
Refining: Sex cord tumor with annular tubules...
Refining: Brenner tumor...
Refining: Circumvallate placenta...
Refining: Blackfan-Diamond anemia with thumb anomaly...
Refining: Ovarian sarcoma...
Refining: Loculated pelvic abscess...
Refining: Pancytopenia-dysmelia syndrome...
Refining: Placenta membranacea...
Refining: Massive ovarian edema...
Updated: Bilobed placenta
Refining: Cardiomelic syndromes (Holt-Oram)...
Updated: Brenner tumor
Refining: Ovarian leiomyoma...
Updated: Ovarian sarcoma
Refining: Simple ovarian cyst...
Updated: Placenta membranacea
Refining: Focal femoral deficiency...
Updated: Loculated pelvic abscess
Updated: Pancytopenia-dysmelia syndrome
Updated: Blackfan-Diamond anemia with thumb anomaly
Updated: Massive ovarian edema
Refining: Secondary ovarian tumor...
Updated: Sex cord tumor with annular tubules
Updated: Circumvallate placenta
Refining: Complex ovarian cyst...
Refining: Functioning ovarian tumor...
Refining: Multiple synostoses...
Refining: Fetal ascites...
Refining: Idiopathic osteolysis...
Updated: Cardiomelic syndromes (Holt-Oram)
Updated: Ovarian leiomyoma
Updated: Simple ovarian cyst
Updated: Focal femoral deficiency
Updated: Multiple synostoses
Updated: Fetal ascites
Updated: Idiopathic osteolysis
Updated: Functioning ovarian tumor
Updated: Secondary ovarian tumor
Updated: Complex ovarian cyst
Refining: Arrhenoblastoma...
Refining: Arcuate uterus...
Refining: Arteriovenous malformation, uterus...
Refining: Acute lymphoblastic leukemia...
Refining: Arteritis, Takayasu...
Refining: Arthritis, brucellar...
Refining: Cerebral infarction...
Refining: Skeletal metastases...
Refining: Arnold-Chiari malformation...
Refining: Arrhythmogenic RV cardiomyopathy...
Updated: Arnold-Chiari malformation
Refining: Arteria lusoria...
Updated: Arrhenoblastoma
Updated: Arthritis, brucellar
Refining: Thrombophlebitis...
Updated: Arcuate uterus
Refining: Breus mole...
Refining: Cecal carcinoma...
Updated: Arrhythmogenic RV cardiomyopathy
Updated: Cerebral infarction
Refining: Brevicollis...
Updated: Arteritis, Takayasu
Refining: Postsurgical pseudoaneurysm...
Updated: Arteriovenous malformation, uterus
Updated: Skeletal metastases
Refining: Nabothian cyst...
Refining: Chronic infection...
Updated: Acute lymphoblastic leukemia
Refining: Brittle bone disease...
Refining: Broad thumb syndrome...
Updated: Thrombophlebitis
Updated: Arteria lusoria
Updated: Breus mole
Updated: Brevicollis
Updated: Nabothian cyst
Updated: Brittle bone disease
Updated: Broad thumb syndrome
Updated: Chronic infection
Updated: Postsurgical pseudoaneurysm
Updated: Cecal Carcinoma
Refining: Hemarthrosis...
Refining: Fat herniation lung...
Refining: Hematometrocolpos...
Refining: Interstitial Disease...
Refining: Elephantiasis neuromatosa...
Refining: Epidermoid cyst of head and neck...
Refining: Epidermoid inclusion cyst of orbit...
Refining: Disk herniation, lumbar spine...
Refining: Coronary artery fistulas...
Refining: Fat necrosis of the abdomen...
Failed Elephantiasis neuromatosa: list indices must be integers or slices, not str
Refining: Lymphadenopathy Syndrome...
Updated: Interstitial Disease
Refining: Epidermoid inclusion cyst of mediastinum...
Updated: Coronary artery fistulas
Refining: Hematopoiesis, extramedullary...
Updated: Epidermoid inclusion cyst of orbit
Updated: Disk herniation, lumbar spine
Updated: Hematometrocolpos
Updated: Fat herniation (lung)
Refining: Fat necrosis of the breast...
Updated: Fat necrosis of the abdomen
Updated: Epidermoid cyst of head and neck
Updated: Hemarthrosis
Refining: Disk ossification...
Refining: Epidermoid inclusion cyst of spine...
Refining: Embolic infarction, brain...
Refining: Coronary artery injury...
Refining: Lymphangiectasia...
Refining: Disk protrusion...
Updated: Lymphadenopathy Syndrome
Updated: Epidermoid inclusion cyst of mediastinum
Updated: Hematopoiesis, extramedullary
Updated: Disk ossification
Updated: Fat necrosis of the breast
Updated: Coronary artery injury
Updated: Lymphangiectasia
Updated: Disk protrusion
Updated: Epidermoid inclusion cyst of spine
Updated: Embolic infarction, brain
Refining: Peritoneal disseminated leiomyomatosis...
Refining: Periovulatory phase endometrium...
Refining: Fibromatosis, superficial...
Refining: Legionnaires disease...
Refining: Legionella pneumonia...
Refining: Leiomyomatosis...
Refining: Gouty arthritis, hand...
Refining: Oyster pearl calcifications of breast...
Refining: Goyrand fracture...
Refining: Mesonephroid tumor of ovary...
Updated: Goyrand fracture
Refining: Mesothelioma of chest...
Updated: Legionnaires disease
Updated: Oyster pearl calcifications of breast
Updated: Mesonephroid tumor of ovary
Refining: Mesothelioma of pericardium...
Refining: Gracile bones...
Updated: Periovulatory phase endometrium
Updated: Leiomyomatosis
Updated: Legionella pneumonia
Updated: Peritoneal disseminated leiomyomatosis
Updated: Fibromatosis, superficial
Refining: Gradenigo syndrome...
Updated: Gouty arthritis, hand
Refining: Os acromiale...
Refining: Pachymeningitis...
Refining: Graft infection, aortic prosthesis...
Refining: Mesothelioma of peritoneum...
Refining: Page kidney...
Refining: Lens dislocation...
Updated: Mesothelioma of chest
Updated: Mesothelioma of pericardium
Updated: Gradenigo Syndrome
Updated: Os acromiale
Updated: Gracile bones
Updated: Page kidney
Updated: Mesothelioma of peritoneum
Updated: Graft infection, aortic prosthesis
Updated: Lens dislocation
Updated: Pachymeningitis
Refining: Radicular cyst...
Refining: Kidney stone...
Refining: Pleural calcification...
Refining: Noncomedo breast cancer...
Refining: Uterosacral ligament...
Refining: Pleural fetus...
Refining: Renal Calcification...
Refining: Biliary stone...
Refining: Noncompaction Cardiomyopathy...
Refining: Uterine agenesis...
Updated: Uterosacral ligament
Updated: Pleural calcification
Updated: Noncompaction Cardiomyopathy
Refining: Nonendemic Burkitt Lymphoma...
Updated: Noncomedo breast cancer
Refining: Xiphopagus...
Updated: Radicular cyst
Updated: Biliary stone
Updated: Uterine agenesis
Updated: Renal Calcification
Refining: Urinary bladder stone...
Updated: Pleural fetus
Updated: Kidney stone
Refining: Renal colic...
Refining: Pleural fibroma benign...
Refining: Cholesterol stone...
Refining: Uterine anomalies...
Refining: Nonexpansile well-demarcated bone defect, multilocular...
Refining: Pleural metastasis...
Refining: True hermaphroditism...
Updated: Nonendemic Burkitt Lymphoma
Updated: Xiphopagus
Updated: Uterine anomalies
Updated: Urinary bladder stone
Updated: Renal colic
Updated: Cholesterol stone
Updated: Nonexpansile well-demarcated bone defect, multilocular
Updated: Pleural fibroma benign
Updated: Pleural metastasis
Updated: True hermaphroditism
✖ Failed to run function "rag:getStubs":
Error: <!DOCTYPE html>
<!--[if lt IE 7]> <html class="no-js ie6 oldie" lang="en-US"> <![endif]-->
<!--[if IE 7]>    <html class="no-js ie7 oldie" lang="en-US"> <![endif]-->
<!--[if IE 8]>    <html class="no-js ie8 oldie" lang="en-US"> <![endif]-->
<!--[if gt IE 8]><!--> <html class="no-js" lang="en-US"> <!--<![endif]-->
<head>

<title> | 502: Bad gateway</title>
<meta charset="UTF-8" />
<meta http-equiv="Content-Type" content="text/html; charset=UTF-8" />
<meta http-equiv="X-UA-Compatible" content="IE=Edge" />
<meta name="robots" content="noindex, nofollow" />
<meta name="viewport" content="width=device-width,initial-scale=1" />
<link rel="stylesheet" id="cf_styles-css" href="/cdn-cgi/styles/main.css" />
</head>
<body>
<div id="cf-wrapper">
    <div id="cf-error-details" class="p-0">
        <header class="mx-auto pt-10 lg:pt-6 lg:px-8 w-240 lg:w-full mb-8">
            <h1 class="inline-block sm:block sm:mb-2 font-light text-60 lg:text-4xl text-black-dark leading-tight mr-2">
                <span class="inline-block">Bad gateway</span>
                <span class="code-label">Error code 502</span>
            </h1>
            <div>
                Visit <a href="https://www.cloudflare.com/5xx-error-landing?utm_source=errorcode_502&utm_campaign=lovable-goat-91.eu-west-1.convex.cloud" target="_blank" rel="noopener noreferrer">cloudflare.com</a> for more information.
            </div>
            <div class="mt-3">2026-03-13 18:13:19 UTC</div>
        </header>
        <div class="my-8 bg-gradient-gray">
            <div class="w-240 lg:w-full mx-auto">
                <div class="clearfix md:px-8">
                    <div id="cf-browser-status" class=" relative w-1/3 md:w-full py-15 md:p-0 md:py-8 md:text-left md:border-solid md:border-0 md:border-b md:border-gray-400 overflow-hidden float-left md:float-none text-center">
  <div class="relative mb-10 md:m-0">
    
    <span class="cf-icon-browser block md:hidden h-20 bg-center bg-no-repeat"></span>
    <span class="cf-icon-ok w-12 h-12 absolute left-1/2 md:left-auto md:right-0 md:top-0 -ml-6 -bottom-4"></span>
    
  </div>
  <span class="md:block w-full truncate">You</span>
  <h3 class="md:inline-block mt-3 md:mt-0 text-2xl text-gray-600 font-light leading-1.3">
  
    Browser
  
  </h3>
  
  <span class="leading-1.3 text-2xl text-green-success">Working</span>
  
</div>
                    <div id="cf-cloudflare-status" class=" relative w-1/3 md:w-full py-15 md:p-0 md:py-8 md:text-left md:border-solid md:border-0 md:border-b md:border-gray-400 overflow-hidden float-left md:float-none text-center">
  <div class="relative mb-10 md:m-0">
    <a href="https://www.cloudflare.com/5xx-error-landing?utm_source=errorcode_502&#38;utm_campaign=lovable-goat-91.eu-west-1.convex.cloud" target="_blank" rel="noopener noreferrer">
    <span class="cf-icon-cloud block md:hidden h-20 bg-center bg-no-repeat"></span>
    <span class="cf-icon-ok w-12 h-12 absolute left-1/2 md:left-auto md:right-0 md:top-0 -ml-6 -bottom-4"></span>
    </a>
  </div>
  <span class="md:block w-full truncate">London</span>
  <h3 class="md:inline-block mt-3 md:mt-0 text-2xl text-gray-600 font-light leading-1.3">
  <a href="https://www.cloudflare.com/5xx-error-landing?utm_source=errorcode_502&utm_campaign=lovable-goat-91.eu-west-1.convex.cloud" target="_blank" rel="noopener noreferrer">
    Cloudflare
  </a>
  </h3>
  
  <span class="leading-1.3 text-2xl text-green-success">Working</span>
  
</div>
                    <div id="cf-host-status" class="cf-error-source relative w-1/3 md:w-full py-15 md:p-0 md:py-8 md:text-left md:border-solid md:border-0 md:border-b md:border-gray-400 overflow-hidden float-left md:float-none text-center">
  <div class="relative mb-10 md:m-0">
    
    <span class="cf-icon-server block md:hidden h-20 bg-center bg-no-repeat"></span>
    <span class="cf-icon-error w-12 h-12 absolute left-1/2 md:left-auto md:right-0 md:top-0 -ml-6 -bottom-4"></span>
    
  </div>
  <span class="md:block w-full truncate">lovable-goat-91.eu-west-1.convex.cloud</span>
  <h3 class="md:inline-block mt-3 md:mt-0 text-2xl text-gray-600 font-light leading-1.3">
  
    Host
  
  </h3>
  
  <span class="leading-1.3 text-2xl text-red-error">Error</span>
  
</div>
                </div>
            </div>
        </div>

        <div class="w-240 lg:w-full mx-auto mb-8 lg:px-8">
            <div class="clearfix">
                <div class="w-1/2 md:w-full float-left pr-6 md:pb-10 md:pr-0 leading-relaxed">
                    <h2 class="text-3xl font-normal leading-1.3 mb-4">What happened?</h2>
                    <p>The web server reported a bad gateway error.</p>
                </div>
                <div class="w-1/2 md:w-full float-left leading-relaxed">
                    <h2 class="text-3xl font-normal leading-1.3 mb-4">What can I do?</h2>
                    <p class="mb-6">Please try again in a few minutes.</p>
                </div>
            </div>
        </div>

        <div class="cf-error-footer cf-wrapper w-240 lg:w-full py-10 sm:py-4 sm:px-8 mx-auto text-center sm:text-left border-solid border-0 border-t border-gray-300">
    <p class="text-13">
      <span class="cf-footer-item sm:block sm:mb-1">Cloudflare Ray ID: <strong class="font-semibold">9dbd030a1eb2d06b</strong></span>
      <span class="cf-footer-separator sm:hidden">&bull;</span>
      <span id="cf-footer-item-ip" class="cf-footer-item hidden sm:block sm:mb-1">
        Your IP:
        <button type="button" id="cf-footer-ip-reveal" class="cf-footer-ip-reveal-btn">Click to reveal</button>
        <span class="hidden" id="cf-footer-ip">172.166.151.112</span>
        <span class="cf-footer-separator sm:hidden">&bull;</span>
      </span>
      <span class="cf-footer-item sm:block sm:mb-1"><span>Performance &amp; security by</span> <a rel="noopener noreferrer" href="https://www.cloudflare.com/5xx-error-landing?utm_source=errorcode_502&#38;utm_campaign=lovable-goat-91.eu-west-1.convex.cloud" id="brand_link" target="_blank">Cloudflare</a></span>
      
    </p>
    <script>(function(){function d(){var b=a.getElementById("cf-footer-item-ip"),c=a.getElementById("cf-footer-ip-reveal");b&&"classList"in b&&(b.classList.remove("hidden"),c.addEventListener("click",function(){c.classList.add("hidden");a.getElementById("cf-footer-ip").classList.remove("hidden")}))}var a=document;document.addEventListener&&a.addEventListener("DOMContentLoaded",d)})();</script>
  </div><!-- /.error-footer -->

    </div>
</div>
</body>
</html>
Error fetching stubs from Convex.
Starting parallel refinement pass with 10 agents...
Refining: Ankylosing spondylitis...
Refining: Tuberculosis...
Refining: Ribbing disease...
Refining: Mechanical enthesopathy...
Refining: Osteosarcoma...
Refining: Ewing sarcoma...
Refining: Still disease...
Refining: Multiple myeloma...
Refining: Nonaccidental trauma...
Refining: Epiphyseolysis of femoral head...
Failed Ankylosing spondylitis: list indices must be integers or slices, not str
Refining: Reticulum cell sarcoma...
Updated: Epiphyseolysis of femoral head
Updated: Osteosarcoma
Refining: Thyroid carcinoma...
Refining: Fibrosarcoma...
Updated: Nonaccidental trauma
Updated: Still disease
Updated: Multiple myeloma
Refining: Eosinophilic granuloma...
Refining: Syphilis...
Refining: Brown tumor of HPT...
Updated: Tuberculosis
Updated: Ewing sarcoma
Updated: Mechanical enthesopathy
Refining: Hemangioma...
Refining: Giant cell tumor...
Refining: Osteomyelitis...
Updated: Ribbing disease
Refining: Systemic lupus erythematosus...
Updated: Reticulum cell sarcoma
Failed Giant cell tumor: list indices must be integers or slices, not str
Updated: Thyroid carcinoma
Updated: Eosinophilic granuloma
Updated: Fibrosarcoma
Updated: Syphilis
Updated: Systemic lupus erythematosus
Updated: Brown tumor of HPT
Updated: Hemangioma
Updated: Osteomyelitis
Refining: Crohn disease...
Refining: Arthrogryposis...
Refining: Schwannoma...
Refining: Dermatofibrosarcoma protuberans...
Refining: Posttraumatic/degenerative cyst...
Refining: Myxoid leiomyosarcoma...
Refining: Calcinosis circumscripta universalis...
Refining: Liposarcoma...
Refining: Tendon entrapment...
Refining: Salmonella...
Failed Dermatofibrosarcoma protuberans: list indices must be integers or slices, not str
Refining: Tendon instability...
Updated: Arthrogryposis
Refining: Snapping Hip Syndrome...
Updated: Crohn disease
Updated: Posttraumatic/degenerative cyst
Refining: Hemophilic pseudotumor...
Updated: Calcinosis circumscripta universalis
Updated: Schwannoma
Updated: Tendon entrapment
Updated: Tendon instability
Refining: Lipoma...
Updated: Salmonella
Refining: Reactive Arthritis...
Updated: Myxoid leiomyosarcoma
Refining: Beckwith-Wiedemann syndrome...
Refining: Peripheral nerve sheath tumor...
Refining: Ossifying fibromyxoid tumor...
Updated: Liposarcoma
Refining: Sickle cell anemia...
Refining: Yersinia...
Updated: Snapping Hip Syndrome
Updated: Hemophilic pseudotumor
Updated: Beckwith-Wiedemann syndrome
Updated: Peripheral nerve sheath tumor
Updated: Yersinia
Updated: Sickle cell anemia
Updated: Reactive Arthritis
Updated: Ossifying fibromyxoid tumor
Updated: Lipoma
Refining: Ectopic Parathormone Production...
Refining: Soft-tissue Hemangioendothelioma...
Refining: Secondary Hemochromatosis...
Refining: Tertiary Hyperparathyroidism...
Refining: Hypertrophic Pulmonary Osteoarthropathy...
Refining: Medullary infarction...
Refining: Hemangioendothelial Sarcoma...
Refining: Hemosiderosis...
Refining: Precocious puberty...
Refining: Growth retardation...
Updated: Secondary Hemochromatosis
Refining: Central giant cell granuloma...
Updated: Hypertrophic Pulmonary Osteoarthropathy
Updated: Ectopic Parathormone Production
Refining: Idiopathic Hypoparathyroidism...
Updated: Soft-tissue Hemangioendothelioma
Refining: Syphilis (focal destruction)...
Updated: Medullary infarction
Refining: Child abuse...
Updated: Growth retardation
Refining: Secondary Hypoparathyroidism...
Updated: Hemosiderosis
Updated: Hemangioendothelial Sarcoma
Refining: Prostaglandin administration...
Updated: Tertiary Hyperparathyroidism
Refining: Benign Mesenchymoma...
Refining: Intramuscular Lipoma...
Updated: Precocious puberty
Refining: Lipoma Arborescens...
Refining: Hereditary hyperphosphatasia...
Updated: Central giant cell granuloma
Updated: Syphilis (focal destruction)
Updated: Hereditary hyperphosphatasia
Updated: Prostaglandin administration
Updated: Child abuse
Updated: Intramuscular Lipoma
Updated: Benign Mesenchymoma
Updated: Lipoma Arborescens
Updated: Idiopathic Hypoparathyroidism
Updated: Secondary Hypoparathyroidism
Refining: Nasopharyngeal carcinoma...
Refining: Odontogenic myxoma...
Refining: Butterfly vertebra...
Refining: Pleuropulmonary synovial sarcoma...
Refining: Intramedullary abscess...
Refining: Stafne cyst...
Refining: Periapical cyst...
Refining: Central stenosis...
Refining: Hemivertebra...
Refining: Pituitary adenoma...
Updated: Periapical cyst
Refining: Foraminal stenosis...
Updated: Butterfly vertebra
Updated: Stafne cyst
Updated: Odontogenic myxoma
Updated: Intramedullary abscess
Updated: Hemivertebra
Refining: Malignant nerve sheath tumor...
Updated: Pituitary adenoma
Updated: Central stenosis
Refining: Calcifying Epithelial Odontogenic Tumor...
Updated: Nasopharyngeal carcinoma
Refining: Midfacial clefts...
Refining: Amyloid angiopathy...
Updated: Pleuropulmonary synovial sarcoma
Refining: Cauda Equina Syndrome...
Refining: Goldenhar syndrome...
Refining: Hypoplastic vertebra...
Refining: Encephalocele...
Refining: Cemento-osseous dysplasia...
Updated: Foraminal stenosis
Updated: Cemento-osseous dysplasia
Updated: Encephalocele
Updated: Calcifying Epithelial Odontogenic Tumor
Updated: Malignant nerve sheath tumor
Updated: Goldenhar syndrome
Updated: Midfacial clefts
Updated: Hypoplastic vertebra
Updated: Amyloid angiopathy
Updated: Cauda Equina Syndrome
Refining: Lissencephaly...
Refining: Renal cell carcinoma...
Refining: Unilateral megalencephaly...
Refining: Polymicrogyria...
Refining: Migraine...
Refining: Bacterial meningitis...
Refining: Parkinson disease...
Refining: Primary bilateral thalamic glioma...
Refining: Primary angiitis of CNS...
Refining: Metachromatic leukodystrophy...
Updated: Primary angiitis of CNS
Updated: Migraine
Updated: Bacterial meningitis
Updated: Metachromatic leukodystrophy
Updated: Lissencephaly
Updated: Renal cell carcinoma
Updated: Primary bilateral thalamic glioma
Updated: Polymicrogyria
Updated: Unilateral megalencephaly
Refining: Nelson syndrome...
Refining: Fungal meningitis...
Refining: Wernicke-Korsakoff syndrome...
Updated: Parkinson disease
Refining: Viral meningitis...
Refining: Germinal matrix hemorrhage...
Refining: Carbon monoxide poisoning...
Refining: Ependymal cyst...
Refining: Carcinomatous meningitis...
Refining: Porencephalic cyst...
Refining: Hepatitis...
Failed Wernicke-Korsakoff syndrome: list indices must be integers or slices, not str
Updated: Fungal meningitis
Updated: Nelson syndrome
Updated: Viral meningitis
Updated: Porencephalic cyst
Updated: Carbon monoxide poisoning
Updated: Hepatitis
Updated: Carcinomatous meningitis
Updated: Germinal matrix hemorrhage
Updated: Ependymal cyst
Refining: Occult cerebrovascular malformation...
Refining: Malignant optic glioma...
Refining: Ophthalmic artery aneurysm...
Refining: Retroocular cyst...
Refining: Cortical renal cysts...
Refining: Orbital cellulitis...
Refining: Panophthalmitis...
Refining: Myositis...
Refining: Scleritis...
Refining: Graves disease...
Updated: Malignant optic glioma
Updated: Graves disease
Refining: Coloboma...
Updated: Retroocular cyst
Updated: Myositis
Refining: Renal adenoma...
Updated: Orbital cellulitis
Updated: Ophthalmic artery aneurysm
Updated: Panophthalmitis
Updated: Scleritis
Refining: Wyburn-Mason syndrome...
Updated: Occult cerebrovascular malformation
Updated: Cortical renal cysts
Refining: Buphthalmos...
Refining: Dacryoadenitis...
Refining: Choroidal hemangioma...
Refining: Dacryocystitis...
Refining: Adrenal pheochromocytoma...
Refining: Renal Hemangioma...
Refining: Cystadenoma of epididymis...
Updated: Coloboma
Updated: Buphthalmos
Updated: Cystadenoma of epididymis
Updated: Dacryocystitis
Updated: Adrenal pheochromocytoma
Updated: Wyburn-Mason syndrome
Updated: Dacryoadenitis
Updated: Renal adenoma
Updated: Choroidal hemangioma
Updated: Renal Hemangioma
Refining: Cervical adenitis...
Refining: Bronchiolitis...
Refining: Juvenile idiopathic arthritis...
Refining: Mastoiditis...
Refining: Aspirated foreign body...
Refining: Near drowning...
Refining: CNS tumor...
Refining: Chronic exogenous lipoid pneumonia...
Refining: Mendelson syndrome...
Refining: Acute exogenous lipoid pneumonia...
Updated: Bronchiolitis
Refining: Metastasis to skull base and spine...
Updated: Aspirated foreign body
Updated: Chronic exogenous lipoid pneumonia
Refining: Chronic bronchitis...
Updated: Cervical adenitis
Refining: Air embolism...
Updated: Near drowning
Refining: Alpha-1-antitrypsin deficiency...
Updated: Mastoiditis
Updated: Acute exogenous lipoid pneumonia
Refining: Respiratory bronchiolitis interstitial lung disease...
Updated: Juvenile idiopathic arthritis
Updated: CNS tumor
Refining: Giant cell angiofibroma...
Refining: Desquamative interstitial pneumonitis...
Refining: Pulmonary Edema with Cardiomegaly...
Refining: Pulmonary Edema without Cardiomegaly...
Updated: Mendelson syndrome
Refining: Idiopathic pulmonary fibrosis...
Failed Pulmonary Edema with Cardiomegaly: list indices must be integers or slices, not str
Updated: Metastasis to skull base and spine
Updated: Chronic bronchitis
Updated: Alpha-1-antitrypsin deficiency
Updated: Idiopathic pulmonary fibrosis
Updated: Air embolism
Updated: Giant cell angiofibroma
Updated: Respiratory bronchiolitis interstitial lung disease
Updated: Desquamative interstitial pneumonitis
Updated: Pulmonary Edema without Cardiomegaly
Refining: Left superior vena cava...
Refining: Periarteritis...
Refining: Azygos continuation of IVC...
Refining: Uremia...
Refining: Hemothorax...
Refining: Drug-induced effusion...
Refining: Chest Wall Tumor...
Refining: Bronchial Circulation Variants...
Refining: Esophageal duplication cyst...
Refining: Pericarditis...
Updated: Drug-induced effusion
Refining: Thoracic duct cyst...
Updated: Hemothorax
Updated: Uremia
Updated: Left superior vena cava
Updated: Esophageal duplication cyst
Refining: Rheumatic fever...
Refining: Transdiaphragmatic jejunal duplication...
Refining: Pulmonary arterial hypoplasia...
Refining: Aortic dissection...
Updated: Periarteritis
Updated: Azygos continuation of IVC
Updated: Bronchial Circulation Variants
Refining: Leaking atherosclerotic aneurysm...
Refining: Aortopulmonary window adenopathy...
Updated: Chest Wall Tumor
Refining: Lateral thoracic meningocele...
Refining: Traumatic aortic pseudoaneurysm...
Updated: Pericarditis
Refining: Posttraumatic lymphocele...
Updated: Thoracic duct cyst
Updated: Aortopulmonary window adenopathy
Updated: Rheumatic fever
Updated: Transdiaphragmatic jejunal duplication
Updated: Traumatic aortic pseudoaneurysm
Updated: Leaking atherosclerotic aneurysm
Updated: Posttraumatic lymphocele
Updated: Lateral thoracic meningocele
Updated: Aortic dissection
Updated: Pulmonary arterial hypoplasia
Refining: Internal Mammary Lymph Node Metastasis in Breast Cancer...
Refining: Epitheliosis...
Refining: Metaplastic carcinoma...
Refining: Fibroadenoma...
Refining: Apocrine metaplasia...
Refining: Polythelia...
Refining: Zuska disease...
Refining: Axillary Lymph Node Metastasis in Breast Cancer (Berg Staging)...
Refining: Epithelial cyst...
Refining: Ductal carcinoma in situ...
Failed Ductal carcinoma in situ: list indices must be integers or slices, not str
Refining: Sebaceous carcinoma...
Updated: Polythelia
Refining: Polymastia...
Updated: Metaplastic carcinoma
Refining: Invasive ductal carcinoma...
Updated: Apocrine metaplasia
Updated: Fibroadenoma
Refining: Hypoplasia...
Updated: Epithelial cyst
Updated: Zuska disease
Updated: Epitheliosis
Refining: Amazia...
Refining: Invasive papillary carcinoma...
Refining: Amastia...
Refining: Tuberous breast...
Updated: Internal Mammary Lymph Node Metastasis in Breast Cancer
Refining: Phyllodes tumor...
Updated: Sebaceous carcinoma
Updated: Axillary Lymph Node Metastasis in Breast Cancer (Berg Staging)
Refining: Mastitis...
Updated: Polymastia
Updated: Invasive ductal carcinoma
Updated: Hypoplasia
Updated: Amazia
Updated: Amastia
Updated: Invasive papillary carcinoma
Updated: Tuberous breast
Updated: Phyllodes tumor
Updated: Mastitis
Refining: Functional subaortic stenosis...
Refining: Lutembacher Syndrome...
Refining: Glycogen storage disease...
Refining: Valvular aortic stenosis...
Refining: Infection-induced vasculitis...
Refining: Mycobacterium tuberculosis vasculitis...
Refining: Hypertrophic cardiomyopathy...
Refining: Cobb syndrome...
Refining: Vascular metameric syndrome...
Refining: Interruption of aortic arch...
Updated: Glycogen storage disease
Refining: Cerebral AVM...
Updated: Mycobacterium tuberculosis vasculitis
Updated: Lutembacher Syndrome
Updated: Vascular metameric syndrome
Updated: Valvular aortic stenosis
Refining: Pulmonary AVM...
Updated: Functional subaortic stenosis
Refining: Lymphatic dysplasia...
Refining: Beneficial ASD...
Refining: Hepatic hemangioendothelioma...
Refining: Behçet Disease...
Updated: Interruption of aortic arch
Updated: Hypertrophic cardiomyopathy
Updated: Cobb syndrome
Updated: Infection-induced vasculitis
Refining: Protein C deficiency...
Refining: Antithrombin III deficiency...
Refining: Pregnancy...
Refining: Protein S deficiency...
Updated: Cerebral AVM
Updated: Pregnancy
Updated: Pulmonary AVM
Updated: Hepatic hemangioendothelioma
Updated: Lymphatic dysplasia
Updated: Protein S deficiency
Updated: Behçet Disease
Updated: Protein C deficiency
Updated: Antithrombin III deficiency
Updated: Beneficial ASD
Refining: Mycobacterial liver infection...
Refining: Pancreas divisum...
Refining: Pancreatic rest...
Refining: Santorinicele...
Refining: Polycythemia vera...
Refining: Metastatic liver involvement...
Refining: Necrotic metastasis...
Refining: Idiopathic thrombocytopenic purpura...
Refining: Adrenal rest tumor...
Refining: Glucagonoma...
Updated: Pancreatic rest
Updated: Metastatic liver involvement
Updated: Santorinicele
Refining: Thorotrast...
Updated: Adrenal rest tumor
Updated: Mycobacterial liver infection
Refining: Gastrinoma...
Refining: Parasitic granuloma of gallbladder...
Refining: Groove pancreatitis...
Refining: Somatostatinoma...
Updated: Polycythemia vera
Updated: Necrotic metastasis
Updated: Idiopathic thrombocytopenic purpura
Updated: Pancreas divisum
Updated: Glucagonoma
Refining: Focal fatty infiltration...
Refining: Irradiation...
Refining: Intramural epithelial cyst of gallbladder...
Refining: Low Gallbladder Ejection Fraction (GBEF)...
Refining: Chemotherapy...
Updated: Thorotrast
Updated: Intramural epithelial cyst of gallbladder
Updated: Focal fatty infiltration
Updated: Groove pancreatitis
Updated: Somatostatinoma
Updated: Gastrinoma
Updated: Irradiation
Updated: Chemotherapy
Updated: Parasitic granuloma of gallbladder
Updated: Low Gallbladder Ejection Fraction (GBEF)
Refining: Gastrointestinal Hemorrhage...
Refining: Pylephlebitis...
Refining: Mallory-Weiss syndrome...
Refining: Richter Syndrome...
Refining: Serous Cystadenoma of Pancreas...
Refining: Acute hemorrhagic gastritis...
Refining: Visceral artery aneurysm...
Refining: Pyloroduodenal ulcer...
Refining: Gastric ulcer...
Refining: Meckel diverticulum...
Updated: Pylephlebitis
Refining: Juvenile polyp...
Updated: Meckel diverticulum
Refining: Vascular-enteric fistula...
Updated: Visceral artery aneurysm
Refining: Diverticulum...
Updated: Acute hemorrhagic gastritis
Updated: Gastric ulcer
Refining: Clotting disorder...
Updated: Serous Cystadenoma of Pancreas
Refining: Colonic angiodysplasia...
Updated: Gastrointestinal Hemorrhage
Updated: Pyloroduodenal ulcer
Refining: Gastric Filling Defect...
Refining: Colorectal tumors...
Refining: Mesenteric varices...
Updated: Mallory-Weiss syndrome
Refining: Filling Defect of Gastric Remnant...
Updated: Richter Syndrome
Refining: Obscure gastrointestinal bleeding...
Updated: Juvenile polyp
Updated: Vascular-enteric fistula
Updated: Diverticulum
Updated: Mesenteric varices
Updated: Clotting disorder
Updated: Colonic angiodysplasia
Updated: Gastric Filling Defect
Updated: Colorectal tumors
Updated: Filling Defect of Gastric Remnant
Updated: Obscure gastrointestinal bleeding
Refining: Rectal carcinoma...
Refining: Small bowel neoplasm...
Refining: Reflux Esophagitis...
Refining: Trichomoniasis...
Refining: Uterine cancer...
Refining: Uphill Esophageal Varices...
Refining: Glomus Tumor of Stomach...
Refining: Trypanosomiasis...
Refining: Mesenteric lymphadenitis...
Refining: Echinococcus granulosus...
Failed Echinococcus granulosus: list indices must be integers or slices, not str
Refining: Echinococcus multilocularis...
Updated: Rectal carcinoma
Refining: Umbilical hernia...
Updated: Small bowel neoplasm
Updated: Trypanosomiasis
Updated: Trichomoniasis
Refining: Trichuriasis...
Updated: Glomus Tumor of Stomach
Updated: Mesenteric lymphadenitis
Refining: Postoperative incisional hernia...
Updated: Uphill Esophageal Varices
Updated: Uterine cancer
Refining: Incomplete Rotation...
Updated: Reflux Esophagitis
Refining: Helminthiasis...
Refining: Kaposi Sarcoma...
Refining: Reversed Rotation...
Refining: Interparietal interstitial hernia...
Updated: Echinococcus multilocularis
Refining: Superior lumbar triangle hernia...
Updated: Umbilical hernia
Updated: Superior lumbar triangle hernia
Updated: Postoperative incisional hernia
Updated: Interparietal interstitial hernia
Updated: Incomplete Rotation
Updated: Helminthiasis
Updated: Trichuriasis
Updated: Reversed Rotation
Updated: Kaposi Sarcoma
Refining: Traumatic injury to pancreas, duodenum, renal collecting system...
Refining: Pelvic inflammatory disease...
Refining: Atheroembolic disease...
Refining: Generalized arteriosclerosis...
Refining: Urothelial neoplasm...
Refining: Acute arterial hypotension...
Refining: Large Utricle...
Refining: Renal fibrosarcoma...
Refining: Bilateral renal duplication...
Refining: Renal angiosarcoma...
Updated: Renal fibrosarcoma
Refining: Benign nephrosclerosis...
Updated: Traumatic injury to pancreas, duodenum, renal collecting system
Updated: Pelvic inflammatory disease
Refining: Coagulopathy and anticoagulant therapy...
Updated: Renal angiosarcoma
Updated: Bilateral renal duplication
Updated: Atheroembolic disease
Refining: Inverted pear / teardrop-shaped urinary bladder...
Updated: Urothelial neoplasm
Refining: Fibromyoma...
Refining: Ruptured aortic aneurysm...
Updated: Generalized arteriosclerosis
Refining: Urinary bladder wall masses...
Refining: Ruptured hemorrhagic cyst...
Updated: Large Utricle
Updated: Acute arterial hypotension
Refining: Cowper Duct Cyst...
Refining: Postoperative aneurysm repair...
Refining: Congenital septum...
Updated: Benign nephrosclerosis
Updated: Fibromyoma
Updated: Ruptured hemorrhagic cyst
Updated: Coagulopathy and anticoagulant therapy
Updated: Postoperative aneurysm repair
Updated: Inverted pear / teardrop-shaped urinary bladder
Updated: Ruptured aortic aneurysm
Updated: Urinary bladder wall masses
Updated: Congenital septum
Updated: Cowper Duct Cyst
Refining: Bilobed placenta...
Refining: Ovarian sarcoma...
Refining: Placenta membranacea...
Refining: Loculated pelvic abscess...
Refining: Massive ovarian edema...
Refining: Circumvallate placenta...
Refining: Sex cord tumor with annular tubules...
Refining: Blackfan-Diamond anemia with thumb anomaly...
Refining: Brenner tumor...
Refining: Pancytopenia-dysmelia syndrome...
Updated: Bilobed placenta
Refining: Cardiomelic syndromes (Holt-Oram)...
Updated: Brenner tumor
Refining: Ovarian leiomyoma...
Updated: Massive ovarian edema
Refining: Simple ovarian cyst...
Updated: Placenta membranacea
Refining: Focal femoral deficiency...
Updated: Loculated pelvic abscess
Updated: Ovarian sarcoma
Updated: Sex cord tumor with annular tubules
Refining: Secondary ovarian tumor...
Updated: Circumvallate placenta
Refining: Complex ovarian cyst...
Refining: Functioning ovarian tumor...
Updated: Blackfan-Diamond anemia with thumb anomaly
Refining: Multiple synostoses...
Updated: Pancytopenia-dysmelia syndrome
Refining: Fetal ascites...
Refining: Idiopathic osteolysis...
Updated: Cardiomelic syndromes (Holt-Oram)
Updated: Ovarian leiomyoma
Updated: Simple ovarian cyst
Updated: Focal femoral deficiency
Updated: Idiopathic osteolysis
Updated: Complex ovarian cyst
Updated: Multiple synostoses
Updated: Functioning ovarian tumor
Updated: Fetal ascites
Updated: Secondary ovarian tumor
Refining: Arteriovenous malformation, uterus...
Refining: Arcuate uterus...
Refining: Arteritis, Takayasu...
Refining: Arrhenoblastoma...
Refining: Acute lymphoblastic leukemia...
Refining: Arnold-Chiari malformation...
Refining: Skeletal metastases...
Refining: Arthritis, brucellar...
Refining: Arrhythmogenic RV cardiomyopathy...
Refining: Cerebral infarction...
Updated: Arthritis, brucellar
Updated: Arrhenoblastoma
Refining: Arteria lusoria...
Updated: Skeletal metastases
Refining: Thrombophlebitis...
Updated: Arteriovenous malformation, uterus
Updated: Arnold-Chiari malformation
Updated: Arrhythmogenic RV cardiomyopathy
Updated: Arcuate uterus
Updated: Arteritis, Takayasu
Updated: Cerebral infarction
Refining: Breus mole...
Refining: Postsurgical pseudoaneurysm...
Updated: Acute lymphoblastic leukemia
Refining: Cecal Carcinoma...
Refining: Chronic infection...
Refining: Brevicollis...
Refining: Nabothian cyst...
Refining: Brittle bone disease...
Refining: Broad thumb syndrome...
Failed Cecal Carcinoma: list indices must be integers or slices, not str
Updated: Brevicollis
Updated: Chronic infection
Updated: Breus mole
Updated: Arteria lusoria
Updated: Nabothian cyst
Updated: Postsurgical pseudoaneurysm
Updated: Broad thumb syndrome
Updated: Thrombophlebitis
Updated: Brittle bone disease
Refining: Hemarthrosis...
Refining: Interstitial Disease...
Refining: Fat herniation (lung)...
Refining: Elephantiasis neuromatosa...
Refining: Epidermoid inclusion cyst of orbit...
Refining: Disk herniation, lumbar spine...
Refining: Fat necrosis of the abdomen...
Refining: Hematometrocolpos...
Refining: Coronary artery fistulas...
Refining: Epidermoid cyst of head and neck...
Updated: Coronary artery fistulas
Refining: Lymphadenopathy Syndrome...
Updated: Disk herniation, lumbar spine
Refining: Epidermoid inclusion cyst of mediastinum...
Updated: Interstitial Disease
Updated: Elephantiasis neuromatosa
Updated: Fat necrosis of the abdomen
Refining: Hematopoiesis, extramedullary...
Updated: Fat herniation (lung)
Updated: Epidermoid cyst of head and neck
Updated: Hematometrocolpos
Refining: Disk ossification...
Updated: Hemarthrosis
Refining: Fat necrosis of the breast...
Updated: Epidermoid inclusion cyst of orbit
Refining: Coronary artery injury...
Refining: Embolic infarction, brain...
Refining: Lymphangiectasia...
Refining: Epidermoid inclusion cyst of spine...
Refining: Disk protrusion...
Updated: Lymphadenopathy Syndrome
Updated: Epidermoid inclusion cyst of mediastinum
Updated: Hematopoiesis, extramedullary
Updated: Epidermoid inclusion cyst of spine
Updated: Disk ossification
Updated: Coronary artery injury
Updated: Fat necrosis of the breast
Updated: Embolic infarction, brain
Updated: Lymphangiectasia
Updated: Disk protrusion
Refining: Periovulatory phase endometrium...
Refining: Peritoneal disseminated leiomyomatosis...
Refining: Oyster pearl calcifications of breast...
Refining: Gouty arthritis, hand...
Refining: Legionella pneumonia...
Refining: Fibromatosis, superficial...
Refining: Legionnaires disease...
Refining: Goyrand fracture...
Refining: Mesonephroid tumor of ovary...
Refining: Leiomyomatosis...
Updated: Periovulatory phase endometrium
Refining: Mesothelioma of chest...
Updated: Peritoneal disseminated leiomyomatosis
Updated: Leiomyomatosis
Refining: Gracile bones...
Refining: Mesothelioma of pericardium...
Updated: Oyster pearl calcifications of breast
Updated: Gouty arthritis, hand
Refining: Gradenigo Syndrome...
Updated: Legionnaires disease
Refining: Os acromiale...
Updated: Fibromatosis, superficial
Updated: Goyrand fracture
Updated: Legionella pneumonia
Updated: Mesonephroid tumor of ovary
Refining: Pachymeningitis...
Refining: Lens dislocation...
Refining: Graft infection, aortic prosthesis...
Refining: Mesothelioma of peritoneum...
Refining: Page kidney...
Updated: Gracile bones
Updated: Mesothelioma of chest
Updated: Mesothelioma of pericardium
Updated: Page kidney
Updated: Gradenigo Syndrome
Updated: Mesothelioma of peritoneum
Updated: Os acromiale
Updated: Lens dislocation
Updated: Pachymeningitis
Updated: Graft infection, aortic prosthesis
Refining: Pleural calcification...
Refining: Radicular cyst...
Refining: Kidney stone...
Refining: Uterosacral ligament...
Refining: Biliary stone...
Refining: Uterine agenesis...
Refining: Pleural fetus...
Refining: Noncomedo breast cancer...
Refining: Renal Calcification...
Refining: Noncompaction Cardiomyopathy...
Failed Noncompaction Cardiomyopathy: list indices must be integers or slices, not str
Refining: Nonendemic Burkitt Lymphoma...
Updated: Kidney stone
Refining: Xiphopagus...
Updated: Pleural calcification
Refining: Urinary bladder stone...
Updated: Biliary stone
Refining: Pleural fibroma benign...
Updated: Pleural fetus
Updated: Radicular cyst
Updated: Renal Calcification
Updated: Noncomedo breast cancer
Updated: Uterosacral ligament
Refining: Nonexpansile well-demarcated bone defect, multilocular...
Updated: Uterine agenesis
Refining: Uterine anomalies...
Updated: Nonendemic Burkitt Lymphoma
Refining: Renal colic...
Refining: Cholesterol stone...
Refining: True hermaphroditism...
Refining: Pleural metastasis...
Updated: Xiphopagus
Updated: Urinary bladder stone
Updated: Pleural metastasis
Updated: Cholesterol stone
Updated: True hermaphroditism
Updated: Nonexpansile well-demarcated bone defect, multilocular
Updated: Renal colic
Updated: Uterine anomalies
Updated: Pleural fibroma benign
