Starting refinement pass...
Fetching stubs (cursor: None)...
Retrieved 10 stubs. Next cursor: 071b1bdb5bccd734a762d24d89bea17deee5dd06d271b347dddbe51679ea14c0975bc9cbc116ec60de07c8fa2639a47d1813150836dd19f969d11a612d163abed684e0e5428e0e02cc7a465c3ac22f68223856ce072a2b595e8704b2c55e27b4a45c9ef63bf595155a43216934b6071a86741e
Refining: Ankylosing spondylitis...
Failed Ankylosing spondylitis: list indices must be integers or slices, not str
Refining: Ewing sarcoma...
Updated: Ewing sarcoma
Refining: Epiphyseolysis of femoral head...
Updated: Epiphyseolysis of femoral head
Refining: Osteosarcoma...
Updated: Osteosarcoma
Refining: Ribbing disease...
Updated: Ribbing disease
Refining: Still disease...
Updated: Still disease
Refining: Constitutional delay...
Updated: Constitutional delay
Refining: Tuberculosis...
Updated: Tuberculosis
Refining: Mechanical enthesopathy...
Updated: Mechanical enthesopathy
Refining: Nonaccidental trauma...
Updated: Nonaccidental trauma
Fetching stubs (cursor: 071b1bdb5bccd734a762d24d89bea17deee5dd06d271b347dddbe51679ea14c0975bc9cbc116ec60de07c8fa2639a47d1813150836dd19f969d11a612d163abed684e0e5428e0e02cc7a465c3ac22f68223856ce072a2b595e8704b2c55e27b4a45c9ef63bf595155a43216934b6071a86741e)...
Retrieved 10 stubs. Next cursor: 0776e53fcb5282dca6bdc2903470135fbec61ffd804595b1f7821446cdc96206f54fb10d100f773df917e95c2a2fd9b4f636bcd9226c50ef34bef3ad09575c219debd89ef302fbecd18e7dc7e7fd8500559581d6de4b5345d2a3a4149ad6015f2cfa5f1154ba36735634926e6396357c155b7a
Refining: Arthrogryposis...
Updated: Arthrogryposis
Refining: Schwannoma...
Updated: Schwannoma
Refining: Crohn disease...
Updated: Crohn disease
Refining: Posttraumatic/degenerative cyst...
Updated: Posttraumatic/degenerative cyst
Refining: Liposarcoma...
Updated: Liposarcoma
Refining: Tendon entrapment...
Updated: Tendon entrapment
Refining: Calcinosis circumscripta universalis...
Updated: Calcinosis circumscripta universalis
Refining: Dermatofibrosarcoma protuberans...
Updated: Dermatofibrosarcoma protuberans
Refining: Myxoid leiomyosarcoma...
Updated: Myxoid leiomyosarcoma
Refining: Salmonella...
Updated: Salmonella
Fetching stubs (cursor: 0776e53fcb5282dca6bdc2903470135fbec61ffd804595b1f7821446cdc96206f54fb10d100f773df917e95c2a2fd9b4f636bcd9226c50ef34bef3ad09575c219debd89ef302fbecd18e7dc7e7fd8500559581d6de4b5345d2a3a4149ad6015f2cfa5f1154ba36735634926e6396357c155b7a)...
Retrieved 10 stubs. Next cursor: 07c55d9b7140967d147c59477448e579b592d551ce5ea2e5357f493c650bf10a1df04a78f24a7bbcd7cd862a2458fef2e8275d429d57285ca570188244814d661c22c0ee42b25cd5df84b7aceefa28707c47c5640b0377c4aea070c4997e598cc36883fd4298191c12fa30e37b970332d9041e
Refining: Tertiary Hyperparathyroidism...
Updated: Tertiary Hyperparathyroidism
Refining: Ectopic Parathormone Production...
Updated: Ectopic Parathormone Production
Refining: Hypertrophic Pulmonary Osteoarthropathy...
Updated: Hypertrophic Pulmonary Osteoarthropathy
Refining: Intertrochanteric Fracture...
Updated: Intertrochanteric Fracture
Refining: Hemosiderosis...
